<?xml version="1.0" encoding="UTF-8"?>
<coverage generated="1746000080338" clover="3.2.0">
  <project timestamp="1746000080338" name="All files">
    <metrics statements="20" coveredstatements="15" conditionals="10" coveredconditionals="10" methods="12" coveredmethods="7" elements="42" coveredelements="32" complexity="0" loc="20" ncloc="20" packages="1" files="1" classes="1"/>
    <file name="smartermostart.js" path="C:\Users\HP\Documents\termostart-debugging\skilled-thermostat-debugger\smartermostart.js">
      <metrics statements="20" coveredstatements="15" conditionals="10" coveredconditionals="10" methods="12" coveredmethods="7"/>
      <line num="1" count="1" type="stmt"/>
      <line num="11" count="2" type="stmt"/>
      <line num="14" count="6" type="stmt"/>
      <line num="28" count="0" type="stmt"/>
      <line num="32" count="0" type="stmt"/>
      <line num="36" count="0" type="stmt"/>
      <line num="40" count="0" type="stmt"/>
      <line num="44" count="0" type="stmt"/>
      <line num="47" count="2" type="cond" truecount="2" falsecount="0"/>
      <line num="54" count="1" type="stmt"/>
      <line num="55" count="2" type="stmt"/>
      <line num="58" count="1" type="stmt"/>
      <line num="59" count="2" type="stmt"/>
      <line num="62" count="1" type="stmt"/>
      <line num="63" count="2" type="stmt"/>
      <line num="64" count="4" type="cond" truecount="4" falsecount="0"/>
      <line num="65" count="2" type="stmt"/>
      <line num="67" count="4" type="cond" truecount="4" falsecount="0"/>
      <line num="68" count="2" type="stmt"/>
      <line num="73" count="1" type="stmt"/>
    </file>
  </project>
</coverage>
