{"C:\\Users\\HP\\Documents\\termostart-debugging\\skilled-thermostat-debugger\\smartermostart.js": {"path":"C:\\Users\\HP\\Documents\\termostart-debugging\\skilled-thermostat-debugger\\smartermostart.js","statementMap":{"0":{"start":{"line":1,"column":14},"end":{"line":52,"column":3}},"1":{"start":{"line":11,"column":8},"end":{"line":11,"column":29}},"2":{"start":{"line":14,"column":8},"end":{"line":14,"column":55}},"3":{"start":{"line":28,"column":6},"end":{"line":28,"column":27}},"4":{"start":{"line":32,"column":6},"end":{"line":32,"column":32}},"5":{"start":{"line":36,"column":6},"end":{"line":36,"column":32}},"6":{"start":{"line":40,"column":6},"end":{"line":40,"column":22}},"7":{"start":{"line":44,"column":6},"end":{"line":44,"column":22}},"8":{"start":{"line":47,"column":6},"end":{"line":49,"column":41}},"9":{"start":{"line":54,"column":23},"end":{"line":56,"column":3}},"10":{"start":{"line":55,"column":4},"end":{"line":55,"column":24}},"11":{"start":{"line":58,"column":22},"end":{"line":60,"column":3}},"12":{"start":{"line":59,"column":4},"end":{"line":59,"column":27}},"13":{"start":{"line":62,"column":24},"end":{"line":71,"column":3}},"14":{"start":{"line":63,"column":4},"end":{"line":70,"column":7}},"15":{"start":{"line":64,"column":6},"end":{"line":66,"column":7}},"16":{"start":{"line":65,"column":8},"end":{"line":65,"column":28}},"17":{"start":{"line":67,"column":6},"end":{"line":69,"column":7}},"18":{"start":{"line":68,"column":8},"end":{"line":68,"column":28}},"19":{"start":{"line":73,"column":2},"end":{"line":73,"column":71}}},"fnMap":{"0":{"name":"(anonymous_0)","decl":{"start":{"line":10,"column":6},"end":{"line":10,"column":7}},"loc":{"start":{"line":10,"column":24},"end":{"line":12,"column":7}},"line":10},"1":{"name":"(anonymous_1)","decl":{"start":{"line":13,"column":6},"end":{"line":13,"column":7}},"loc":{"start":{"line":13,"column":21},"end":{"line":15,"column":7}},"line":13},"2":{"name":"(anonymous_2)","decl":{"start":{"line":27,"column":4},"end":{"line":27,"column":5}},"loc":{"start":{"line":27,"column":22},"end":{"line":29,"column":5}},"line":27},"3":{"name":"(anonymous_3)","decl":{"start":{"line":31,"column":4},"end":{"line":31,"column":5}},"loc":{"start":{"line":31,"column":27},"end":{"line":33,"column":5}},"line":31},"4":{"name":"(anonymous_4)","decl":{"start":{"line":35,"column":4},"end":{"line":35,"column":5}},"loc":{"start":{"line":35,"column":27},"end":{"line":37,"column":5}},"line":35},"5":{"name":"(anonymous_5)","decl":{"start":{"line":39,"column":4},"end":{"line":39,"column":5}},"loc":{"start":{"line":39,"column":19},"end":{"line":41,"column":5}},"line":39},"6":{"name":"(anonymous_6)","decl":{"start":{"line":43,"column":4},"end":{"line":43,"column":5}},"loc":{"start":{"line":43,"column":19},"end":{"line":45,"column":5}},"line":43},"7":{"name":"(anonymous_7)","decl":{"start":{"line":46,"column":4},"end":{"line":46,"column":5}},"loc":{"start":{"line":46,"column":19},"end":{"line":50,"column":5}},"line":46},"8":{"name":"(anonymous_8)","decl":{"start":{"line":54,"column":23},"end":{"line":54,"column":24}},"loc":{"start":{"line":54,"column":33},"end":{"line":56,"column":3}},"line":54},"9":{"name":"(anonymous_9)","decl":{"start":{"line":58,"column":22},"end":{"line":58,"column":23}},"loc":{"start":{"line":58,"column":38},"end":{"line":60,"column":3}},"line":58},"10":{"name":"(anonymous_10)","decl":{"start":{"line":62,"column":24},"end":{"line":62,"column":25}},"loc":{"start":{"line":62,"column":48},"end":{"line":71,"column":3}},"line":62},"11":{"name":"(anonymous_11)","decl":{"start":{"line":63,"column":18},"end":{"line":63,"column":19}},"loc":{"start":{"line":63,"column":28},"end":{"line":70,"column":5}},"line":63}},"branchMap":{"0":{"loc":{"start":{"line":47,"column":6},"end":{"line":49,"column":40}},"type":"cond-expr","locations":[{"start":{"line":48,"column":11},"end":{"line":48,"column":40}},{"start":{"line":49,"column":11},"end":{"line":49,"column":39}}],"line":47},"1":{"loc":{"start":{"line":64,"column":6},"end":{"line":66,"column":7}},"type":"if","locations":[{"start":{"line":64,"column":6},"end":{"line":66,"column":7}},{"start":{},"end":{}}],"line":64},"2":{"loc":{"start":{"line":64,"column":10},"end":{"line":64,"column":66}},"type":"binary-expr","locations":[{"start":{"line":64,"column":10},"end":{"line":64,"column":40}},{"start":{"line":64,"column":44},"end":{"line":64,"column":66}}],"line":64},"3":{"loc":{"start":{"line":67,"column":6},"end":{"line":69,"column":7}},"type":"if","locations":[{"start":{"line":67,"column":6},"end":{"line":69,"column":7}},{"start":{},"end":{}}],"line":67},"4":{"loc":{"start":{"line":67,"column":10},"end":{"line":67,"column":63}},"type":"binary-expr","locations":[{"start":{"line":67,"column":10},"end":{"line":67,"column":38}},{"start":{"line":67,"column":42},"end":{"line":67,"column":63}}],"line":67}},"s":{"0":1,"1":2,"2":6,"3":0,"4":0,"5":0,"6":0,"7":0,"8":2,"9":1,"10":2,"11":1,"12":2,"13":1,"14":2,"15":4,"16":2,"17":4,"18":2,"19":1},"f":{"0":2,"1":6,"2":0,"3":0,"4":0,"5":0,"6":0,"7":2,"8":2,"9":2,"10":2,"11":4},"b":{"0":[1,1],"1":[2,2],"2":[4,2],"3":[2,2],"4":[4,2]},"_coverageSchema":"1a1c01bbd47fc00a2c39e90264f33305004495a9","hash":"53eadad6196b929d332e2e41a212ce2a44d5744b"}
}
