TN:
SF:smartermostart.js
FN:10,(anonymous_0)
FN:13,(anonymous_1)
FN:27,(anonymous_2)
FN:31,(anonymous_3)
FN:35,(anonymous_4)
FN:39,(anonymous_5)
FN:43,(anonymous_6)
FN:46,(anonymous_7)
FN:54,(anonymous_8)
FN:58,(anonymous_9)
FN:62,(anonymous_10)
FN:63,(anonymous_11)
FNF:12
FNH:7
FNDA:2,(anonymous_0)
FNDA:6,(anonymous_1)
FNDA:0,(anonymous_2)
FNDA:0,(anonymous_3)
FNDA:0,(anonymous_4)
FNDA:0,(anonymous_5)
FNDA:0,(anonymous_6)
FNDA:2,(anonymous_7)
FNDA:2,(anonymous_8)
FNDA:2,(anonymous_9)
FNDA:2,(anonymous_10)
FNDA:4,(anonymous_11)
DA:1,1
DA:11,2
DA:14,6
DA:28,0
DA:32,0
DA:36,0
DA:40,0
DA:44,0
DA:47,2
DA:54,1
DA:55,2
DA:58,1
DA:59,2
DA:62,1
DA:63,2
DA:64,4
DA:65,2
DA:67,4
DA:68,2
DA:73,1
LF:20
LH:15
BRDA:47,0,0,1
BRDA:47,0,1,1
BRDA:64,1,0,2
BRDA:64,1,1,2
BRDA:64,2,0,4
BRDA:64,2,1,2
BRDA:67,3,0,2
BRDA:67,3,1,2
BRDA:67,4,0,4
BRDA:67,4,1,2
BRF:10
BRH:10
end_of_record
